nandu0.txt
Q1   Q2   |   L1   L2
----------+-------------
0    0    |   0    0
1    0    |   0    0
1    1    |   1    1
0    1    |   0    0

nandu1.txt
Q1   Q2   |   L1   L2
----------+-------------
0    0    |   1    1
1    0    |   1    1
1    1    |   0    0
0    1    |   1    1

nandu2.txt
Q1   Q2   |   L1   L2
----------+-------------
0    0    |   0    1
0    1    |   0    1
1    0    |   0    1
1    1    |   1    0

nandu3.txt
Q1   Q2   Q3   |   L1   L2   L3   L4
---------------+-----------------------
0    0    0    |   1    0    0    1
0    0    1    |   1    0    0    0
0    1    0    |   1    0    1    1
0    1    1    |   1    0    1    0
1    0    0    |   0    1    0    1
1    0    1    |   0    1    0    0
1    1    0    |   0    1    1    1
1    1    1    |   0    1    1    0

nandu4.txt
Q1   Q2   Q3   |   L1   L2   L3   L4
---------------+-----------------------
0    0    0    |   1    0    0    1
0    0    1    |   1    0    0    0
0    1    0    |   1    0    1    1
0    1    1    |   1    0    1    0
1    0    0    |   0    1    0    1
1    0    1    |   0    1    0    0
1    1    0    |   0    1    1    1
1    1    1    |   0    1    1    0

nandu5.txt
Q1   Q2   Q3   Q4   Q5   Q6   |   L1   L2   L3   L4   L5
------------------------------+----------------------------
0    0    0    0    0    0    |   0    0    0    1    0
0    0    0    0    0    1    |   0    0    0    1    0
0    0    0    0    1    0    |   0    0    0    1    1
0    0    0    0    1    1    |   0    0    0    1    1
0    0    0    1    0    0    |   0    0    1    0    0
0    0    0    1    0    1    |   0    0    1    0    0
0    0    0    1    1    0    |   0    0    0    1    1
0    0    0    1    1    1    |   0    0    0    1    1
0    0    1    0    0    0    |   0    0    0    1    0
0    0    1    0    0    1    |   0    0    0    1    0
0    0    1    0    1    0    |   0    0    0    1    1
0    0    1    0    1    1    |   0    0    0    1    1
0    0    1    1    0    0    |   0    0    1    0    0
0    0    1    1    0    1    |   0    0    1    0    0
0    0    1    1    1    0    |   0    0    0    1    1
0    0    1    1    1    1    |   0    0    0    1    1
0    1    0    0    0    0    |   0    0    0    1    0
0    1    0    0    0    1    |   0    0    0    1    0
0    1    0    0    1    0    |   0    0    0    1    1
0    1    0    0    1    1    |   0    0    0    1    1
0    1    0    1    0    0    |   0    0    1    0    0
0    1    0    1    0    1    |   0    0    1    0    0
0    1    0    1    1    0    |   0    0    0    1    1
0    1    0    1    1    1    |   0    0    0    1    1
0    1    1    0    0    0    |   0    0    0    1    0
0    1    1    0    0    1    |   0    0    0    1    0
0    1    1    0    1    0    |   0    0    0    1    1
0    1    1    0    1    1    |   0    0    0    1    1
0    1    1    1    0    0    |   0    0    1    0    0
0    1    1    1    0    1    |   0    0    1    0    0
0    1    1    1    1    0    |   0    0    0    1    1
0    1    1    1    1    1    |   0    0    0    1    1
1    0    0    0    0    0    |   1    0    0    1    0
1    0    0    0    0    1    |   1    0    0    1    0
1    0    0    0    1    0    |   1    0    0    1    1
1    0    0    0    1    1    |   1    0    0    1    1
1    0    0    1    0    0    |   1    0    1    0    0
1    0    0    1    0    1    |   1    0    1    0    0
1    0    0    1    1    0    |   1    0    0    1    1
1    0    0    1    1    1    |   1    0    0    1    1
1    0    1    0    0    0    |   1    0    0    1    0
1    0    1    0    0    1    |   1    0    0    1    0
1    0    1    0    1    0    |   1    0    0    1    1
1    0    1    0    1    1    |   1    0    0    1    1
1    0    1    1    0    0    |   1    0    1    0    0
1    0    1    1    0    1    |   1    0    1    0    0
1    0    1    1    1    0    |   1    0    0    1    1
1    0    1    1    1    1    |   1    0    0    1    1
1    1    0    0    0    0    |   1    0    0    1    0
1    1    0    0    0    1    |   1    0    0    1    0
1    1    0    0    1    0    |   1    0    0    1    1
1    1    0    0    1    1    |   1    0    0    1    1
1    1    0    1    0    0    |   1    0    1    0    0
1    1    0    1    0    1    |   1    0    1    0    0
1    1    0    1    1    0    |   1    0    0    1    1
1    1    0    1    1    1    |   1    0    0    1    1
1    1    1    0    0    0    |   1    0    0    1    0
1    1    1    0    0    1    |   1    0    0    1    0
1    1    1    0    1    0    |   1    0    0    1    1
1    1    1    0    1    1    |   1    0    0    1    1
1    1    1    1    0    0    |   1    0    1    0    0
1    1    1    1    0    1    |   1    0    1    0    0
1    1    1    1    1    0    |   1    0    0    1    1
1    1    1    1    1    1    |   1    0    0    1    1
